This file contains any messages produced by compilers while
running configure, to aid debugging if configure makes a mistake.

It was created by libconfig configure 1.4.10, which was
generated by GNU Autoconf 2.69.  Invocation command line was

  $ ./configure 

## --------- ##
## Platform. ##
## --------- ##

hostname = DESKTOP-2ENF6S4
uname -m = x86_64
uname -r = 2.9.0(0.318/5/3)
uname -s = CYGWIN_NT-10.0
uname -v = 2017-09-12 10:18

/usr/bin/uname -p = unknown
/bin/uname -X     = unknown

/bin/arch              = x86_64
/usr/bin/arch -k       = unknown
/usr/convex/getsysinfo = unknown
/usr/bin/hostinfo      = unknown
/bin/machine           = unknown
/usr/bin/oslevel       = unknown
/bin/universe          = unknown

PATH: /usr/local/bin
PATH: /usr/bin
PATH: /cygdrive/c/Program Files (x86)/Common Files/NetSarang
PATH: /cygdrive/c/WINDOWS/system32
PATH: /cygdrive/c/WINDOWS
PATH: /cygdrive/c/WINDOWS/System32/Wbem
PATH: /cygdrive/c/WINDOWS/System32/WindowsPowerShell/v1.0
PATH: /cygdrive/c/Program Files (x86)/AMD/ATI.ACE/Core-Static
PATH: /cygdrive/c/Program Files (x86)/ATI Technologies/ATI.ACE/Core-Static
PATH: /cygdrive/c/Program Files/TortoiseSVN/bin
PATH: /cygdrive/c/Program Files/Git/cmd
PATH: /cygdrive/c/Python27/Scripts
PATH: /cygdrive/c/Python27
PATH: /cygdrive/c/Users/TomHui/AppData/Local/Microsoft/WindowsApps
PATH: /cygdrive/c/mingw/bin
PATH: /usr/lib/lapack


## ----------- ##
## Core tests. ##
## ----------- ##

configure:2403: checking build system type
configure:2417: result: x86_64-unknown-cygwin
configure:2437: checking host system type
configure:2450: result: x86_64-unknown-cygwin
configure:2470: checking target system type
configure:2483: result: x86_64-unknown-cygwin
configure:2525: checking for a BSD-compatible install
configure:2593: result: /usr/bin/install -c
configure:2604: checking whether build environment is sane
configure:2659: result: yes
configure:2810: checking for a thread-safe mkdir -p
configure:2849: result: /usr/bin/mkdir -p
configure:2856: checking for gawk
configure:2872: found /usr/bin/gawk
configure:2883: result: gawk
configure:2894: checking whether make sets $(MAKE)
configure:2916: result: yes
configure:2945: checking whether make supports nested variables
configure:2962: result: yes
configure:3090: libconfig - made with pride in California
configure:3113: checking for style of include used by make
configure:3141: result: GNU
configure:3212: checking for gcc
configure:3228: found /usr/bin/gcc
configure:3239: result: gcc
configure:3468: checking for C compiler version
configure:3477: gcc --version >&5
gcc (GCC) 6.4.0
Copyright (C) 2017 Free Software Foundation, Inc.
This is free software; see the source for copying conditions.  There is NO
warranty; not even for MERCHANTABILITY or FITNESS FOR A PARTICULAR PURPOSE.

configure:3488: $? = 0
configure:3477: gcc -v >&5
Using built-in specs.
COLLECT_GCC=gcc
COLLECT_LTO_WRAPPER=/usr/lib/gcc/x86_64-pc-cygwin/6.4.0/lto-wrapper.exe
Target: x86_64-pc-cygwin
Configured with: /cygdrive/i/szsz/tmpp/gcc/gcc-6.4.0-1.x86_64/src/gcc-6.4.0/configure --srcdir=/cygdrive/i/szsz/tmpp/gcc/gcc-6.4.0-1.x86_64/src/gcc-6.4.0 --prefix=/usr --exec-prefix=/usr --localstatedir=/var --sysconfdir=/etc --docdir=/usr/share/doc/gcc --htmldir=/usr/share/doc/gcc/html -C --build=x86_64-pc-cygwin --host=x86_64-pc-cygwin --target=x86_64-pc-cygwin --without-libiconv-prefix --without-libintl-prefix --libexecdir=/usr/lib --enable-shared --enable-shared-libgcc --enable-static --enable-version-specific-runtime-libs --enable-bootstrap --enable-__cxa_atexit --with-dwarf2 --with-tune=generic --enable-languages=ada,c,c++,fortran,lto,objc,obj-c++ --enable-graphite --enable-threads=posix --enable-libatomic --enable-libcilkrts --enable-libgomp --enable-libitm --enable-libquadmath --enable-libquadmath-support --enable-libssp --enable-libada --disable-symvers --with-gnu-ld --with-gnu-as --with-cloog-include=/usr/include/cloog-isl --without-libiconv-prefix --without-libintl-prefix --with-system-zlib --enable-linker-build-id --with-default-libstdcxx-abi=gcc4-compatible
Thread model: posix
gcc version 6.4.0 (GCC) 
configure:3488: $? = 0
configure:3477: gcc -V >&5
gcc: error: unrecognized command line option '-V'
gcc: fatal error: no input files
compilation terminated.
configure:3488: $? = 1
configure:3477: gcc -qversion >&5
gcc: error: unrecognized command line option '-qversion'; did you mean '--version'?
gcc: fatal error: no input files
compilation terminated.
configure:3488: $? = 1
configure:3508: checking whether the C compiler works
configure:3530: gcc    conftest.c  >&5
configure:3534: $? = 0
configure:3582: result: yes
configure:3585: checking for C compiler default output file name
configure:3587: result: a.exe
configure:3593: checking for suffix of executables
configure:3600: gcc -o conftest.exe    conftest.c  >&5
configure:3604: $? = 0
configure:3626: result: .exe
configure:3648: checking whether we are cross compiling
configure:3656: gcc -o conftest.exe    conftest.c  >&5
configure:3660: $? = 0
configure:3667: ./conftest.exe
configure:3671: $? = 0
configure:3686: result: no
configure:3691: checking for suffix of object files
configure:3713: gcc -c   conftest.c >&5
configure:3717: $? = 0
configure:3738: result: o
configure:3742: checking whether we are using the GNU C compiler
configure:3761: gcc -c   conftest.c >&5
configure:3761: $? = 0
configure:3770: result: yes
configure:3779: checking whether gcc accepts -g
configure:3799: gcc -c -g  conftest.c >&5
configure:3799: $? = 0
configure:3840: result: yes
configure:3857: checking for gcc option to accept ISO C89
configure:3920: gcc  -c -g -O2  conftest.c >&5
configure:3920: $? = 0
configure:3933: result: none needed
configure:3958: checking whether gcc understands -c and -o together
configure:3980: gcc -c conftest.c -o conftest2.o
configure:3983: $? = 0
configure:3980: gcc -c conftest.c -o conftest2.o
configure:3983: $? = 0
configure:3995: result: yes
configure:4014: checking dependency style of gcc
configure:4125: result: gcc3
configure:4146: checking how to run the C preprocessor
configure:4177: gcc -E  conftest.c
configure:4177: $? = 0
configure:4191: gcc -E  conftest.c
conftest.c:12:28: fatal error: ac_nonexistent.h: No such file or directory
 #include <ac_nonexistent.h>
                            ^
compilation terminated.
configure:4191: $? = 1
configure: failed program was:
| /* confdefs.h */
| #define PACKAGE_NAME "libconfig"
| #define PACKAGE_TARNAME "libconfig"
| #define PACKAGE_VERSION "1.4.10"
| #define PACKAGE_STRING "libconfig 1.4.10"
| #define PACKAGE_BUGREPORT "hyperrealm@gmail.com"
| #define PACKAGE_URL "http://www.hyperrealm.com/main.php?s=libconfig"
| #define PACKAGE "libconfig"
| #define VERSION "1.4.10"
| #define TARGET "x86_64-unknown-cygwin"
| /* end confdefs.h.  */
| #include <ac_nonexistent.h>
configure:4216: result: gcc -E
configure:4236: gcc -E  conftest.c
configure:4236: $? = 0
configure:4250: gcc -E  conftest.c
conftest.c:12:28: fatal error: ac_nonexistent.h: No such file or directory
 #include <ac_nonexistent.h>
                            ^
compilation terminated.
configure:4250: $? = 1
configure: failed program was:
| /* confdefs.h */
| #define PACKAGE_NAME "libconfig"
| #define PACKAGE_TARNAME "libconfig"
| #define PACKAGE_VERSION "1.4.10"
| #define PACKAGE_STRING "libconfig 1.4.10"
| #define PACKAGE_BUGREPORT "hyperrealm@gmail.com"
| #define PACKAGE_URL "http://www.hyperrealm.com/main.php?s=libconfig"
| #define PACKAGE "libconfig"
| #define VERSION "1.4.10"
| #define TARGET "x86_64-unknown-cygwin"
| /* end confdefs.h.  */
| #include <ac_nonexistent.h>
configure:4279: checking for grep that handles long lines and -e
configure:4337: result: /usr/bin/grep
configure:4342: checking for egrep
configure:4404: result: /usr/bin/grep -E
configure:4409: checking for ANSI C header files
configure:4429: gcc -c -g -O2  conftest.c >&5
configure:4429: $? = 0
configure:4502: gcc -o conftest.exe -g -O2   conftest.c  >&5
configure:4502: $? = 0
configure:4502: ./conftest.exe
configure:4502: $? = 0
configure:4513: result: yes
configure:4526: checking for sys/types.h
configure:4526: gcc -c -g -O2  conftest.c >&5
configure:4526: $? = 0
configure:4526: result: yes
configure:4526: checking for sys/stat.h
configure:4526: gcc -c -g -O2  conftest.c >&5
configure:4526: $? = 0
configure:4526: result: yes
configure:4526: checking for stdlib.h
configure:4526: gcc -c -g -O2  conftest.c >&5
configure:4526: $? = 0
configure:4526: result: yes
configure:4526: checking for string.h
configure:4526: gcc -c -g -O2  conftest.c >&5
configure:4526: $? = 0
configure:4526: result: yes
configure:4526: checking for memory.h
configure:4526: gcc -c -g -O2  conftest.c >&5
configure:4526: $? = 0
configure:4526: result: yes
configure:4526: checking for strings.h
configure:4526: gcc -c -g -O2  conftest.c >&5
configure:4526: $? = 0
configure:4526: result: yes
configure:4526: checking for inttypes.h
configure:4526: gcc -c -g -O2  conftest.c >&5
configure:4526: $? = 0
configure:4526: result: yes
configure:4526: checking for stdint.h
configure:4526: gcc -c -g -O2  conftest.c >&5
configure:4526: $? = 0
configure:4526: result: yes
configure:4526: checking for unistd.h
configure:4526: gcc -c -g -O2  conftest.c >&5
configure:4526: $? = 0
configure:4526: result: yes
configure:4539: checking minix/config.h usability
configure:4539: gcc -c -g -O2  conftest.c >&5
conftest.c:55:26: fatal error: minix/config.h: No such file or directory
 #include <minix/config.h>
                          ^
compilation terminated.
configure:4539: $? = 1
configure: failed program was:
| /* confdefs.h */
| #define PACKAGE_NAME "libconfig"
| #define PACKAGE_TARNAME "libconfig"
| #define PACKAGE_VERSION "1.4.10"
| #define PACKAGE_STRING "libconfig 1.4.10"
| #define PACKAGE_BUGREPORT "hyperrealm@gmail.com"
| #define PACKAGE_URL "http://www.hyperrealm.com/main.php?s=libconfig"
| #define PACKAGE "libconfig"
| #define VERSION "1.4.10"
| #define TARGET "x86_64-unknown-cygwin"
| #define STDC_HEADERS 1
| #define HAVE_SYS_TYPES_H 1
| #define HAVE_SYS_STAT_H 1
| #define HAVE_STDLIB_H 1
| #define HAVE_STRING_H 1
| #define HAVE_MEMORY_H 1
| #define HAVE_STRINGS_H 1
| #define HAVE_INTTYPES_H 1
| #define HAVE_STDINT_H 1
| #define HAVE_UNISTD_H 1
| /* end confdefs.h.  */
| #include <stdio.h>
| #ifdef HAVE_SYS_TYPES_H
| # include <sys/types.h>
| #endif
| #ifdef HAVE_SYS_STAT_H
| # include <sys/stat.h>
| #endif
| #ifdef STDC_HEADERS
| # include <stdlib.h>
| # include <stddef.h>
| #else
| # ifdef HAVE_STDLIB_H
| #  include <stdlib.h>
| # endif
| #endif
| #ifdef HAVE_STRING_H
| # if !defined STDC_HEADERS && defined HAVE_MEMORY_H
| #  include <memory.h>
| # endif
| # include <string.h>
| #endif
| #ifdef HAVE_STRINGS_H
| # include <strings.h>
| #endif
| #ifdef HAVE_INTTYPES_H
| # include <inttypes.h>
| #endif
| #ifdef HAVE_STDINT_H
| # include <stdint.h>
| #endif
| #ifdef HAVE_UNISTD_H
| # include <unistd.h>
| #endif
| #include <minix/config.h>
configure:4539: result: no
configure:4539: checking minix/config.h presence
configure:4539: gcc -E  conftest.c
conftest.c:22:26: fatal error: minix/config.h: No such file or directory
 #include <minix/config.h>
                          ^
compilation terminated.
configure:4539: $? = 1
configure: failed program was:
| /* confdefs.h */
| #define PACKAGE_NAME "libconfig"
| #define PACKAGE_TARNAME "libconfig"
| #define PACKAGE_VERSION "1.4.10"
| #define PACKAGE_STRING "libconfig 1.4.10"
| #define PACKAGE_BUGREPORT "hyperrealm@gmail.com"
| #define PACKAGE_URL "http://www.hyperrealm.com/main.php?s=libconfig"
| #define PACKAGE "libconfig"
| #define VERSION "1.4.10"
| #define TARGET "x86_64-unknown-cygwin"
| #define STDC_HEADERS 1
| #define HAVE_SYS_TYPES_H 1
| #define HAVE_SYS_STAT_H 1
| #define HAVE_STDLIB_H 1
| #define HAVE_STRING_H 1
| #define HAVE_MEMORY_H 1
| #define HAVE_STRINGS_H 1
| #define HAVE_INTTYPES_H 1
| #define HAVE_STDINT_H 1
| #define HAVE_UNISTD_H 1
| /* end confdefs.h.  */
| #include <minix/config.h>
configure:4539: result: no
configure:4539: checking for minix/config.h
configure:4539: result: no
configure:4560: checking whether it is safe to define __EXTENSIONS__
configure:4578: gcc -c -g -O2  conftest.c >&5
configure:4578: $? = 0
configure:4585: result: yes
configure:4647: checking how to print strings
configure:4674: result: printf
configure:4695: checking for a sed that does not truncate output
configure:4759: result: /usr/bin/sed
configure:4777: checking for fgrep
configure:4839: result: /usr/bin/grep -F
configure:4874: checking for ld used by gcc
configure:4941: result: /usr/x86_64-pc-cygwin/bin/ld.exe
configure:4948: checking if the linker (/usr/x86_64-pc-cygwin/bin/ld.exe) is GNU ld
configure:4963: result: yes
configure:4975: checking for BSD- or MS-compatible name lister (nm)
configure:5024: result: /usr/bin/nm -B
configure:5154: checking the name lister (/usr/bin/nm -B) interface
configure:5161: gcc -c -g -O2  conftest.c >&5
configure:5164: /usr/bin/nm -B "conftest.o"
configure:5167: output
0000000000000000 b .bss
0000000000000000 d .data
0000000000000000 N .debug_abbrev
0000000000000000 N .debug_aranges
0000000000000000 N .debug_info
0000000000000000 N .debug_line
0000000000000000 r .rdata$zzz
0000000000000000 t .text
0000000000000000 B some_variable
configure:5174: result: BSD nm
configure:5177: checking whether ln -s works
configure:5181: result: yes
configure:5189: checking the maximum length of command line arguments
configure:5319: result: 8192
configure:5336: checking whether the shell understands some XSI constructs
configure:5346: result: yes
configure:5350: checking whether the shell understands "+="
configure:5356: result: yes
configure:5391: checking how to convert x86_64-unknown-cygwin file names to x86_64-unknown-cygwin format
configure:5431: result: func_convert_file_noop
configure:5438: checking how to convert x86_64-unknown-cygwin file names to toolchain format
configure:5458: result: func_convert_file_noop
configure:5465: checking for /usr/x86_64-pc-cygwin/bin/ld.exe option to reload object files
configure:5472: result: -r
configure:5546: checking for objdump
configure:5562: found /usr/bin/objdump
configure:5573: result: objdump
configure:5605: checking how to recognize dependent libraries
configure:5807: result: file_magic ^x86 archive import|^x86 DLL
configure:5892: checking for dlltool
configure:5908: found /usr/bin/dlltool
configure:5919: result: dlltool
configure:5952: checking how to associate runtime and link libraries
configure:5979: result: func_cygming_dll_for_implib
configure:6039: checking for ar
configure:6055: found /usr/bin/ar
configure:6066: result: ar
configure:6103: checking for archiver @FILE support
configure:6120: gcc -c -g -O2  conftest.c >&5
configure:6120: $? = 0
configure:6123: ar cru libconftest.a @conftest.lst >&5
configure:6126: $? = 0
configure:6131: ar cru libconftest.a @conftest.lst >&5
ar: conftest.o: No such file or directory
configure:6134: $? = 1
configure:6146: result: @
configure:6204: checking for strip
configure:6220: found /usr/bin/strip
configure:6231: result: strip
configure:6303: checking for ranlib
configure:6319: found /usr/bin/ranlib
configure:6330: result: ranlib
configure:6432: checking command to parse /usr/bin/nm -B output from gcc object
configure:6552: gcc -c -g -O2  conftest.c >&5
configure:6555: $? = 0
configure:6559: /usr/bin/nm -B conftest.o \| sed -n -e 's/^.*[ ]\([ABCDGIRSTW][ABCDGIRSTW]*\)[ ][ ]*\([_A-Za-z][_A-Za-z0-9]*\)$/\1 \2 \2/p' | sed '/ __gnu_lto/d' \> conftest.nm
configure:6562: $? = 0
configure:6628: gcc -o conftest.exe -g -O2   conftest.c conftstm.o >&5
configure:6631: $? = 0
configure:6669: result: ok
configure:6706: checking for sysroot
configure:6736: result: no
configure:6992: checking for mt
configure:7022: result: no
configure:7042: checking if : is a manifest tool
configure:7048: : '-?'
configure:7056: result: no
configure:7695: checking for dlfcn.h
configure:7695: gcc -c -g -O2  conftest.c >&5
configure:7695: $? = 0
configure:7695: result: yes
configure:7901: checking for objdir
configure:7916: result: .libs
configure:8187: checking if gcc supports -fno-rtti -fno-exceptions
configure:8205: gcc -c -g -O2  -fno-rtti -fno-exceptions conftest.c >&5
cc1: warning: command line option '-fno-rtti' is valid for C++/ObjC++ but not for C
configure:8209: $? = 0
configure:8222: result: no
configure:8549: checking for gcc option to produce PIC
configure:8556: result: -DDLL_EXPORT -DPIC
configure:8564: checking if gcc PIC flag -DDLL_EXPORT -DPIC works
configure:8582: gcc -c -g -O2  -DDLL_EXPORT -DPIC -DPIC conftest.c >&5
configure:8586: $? = 0
configure:8599: result: yes
configure:8628: checking if gcc static flag -static works
configure:8656: result: yes
configure:8671: checking if gcc supports -c -o file.o
configure:8692: gcc -c -g -O2  -o out/conftest2.o conftest.c >&5
configure:8696: $? = 0
configure:8718: result: yes
configure:8726: checking if gcc supports -c -o file.o
configure:8773: result: yes
configure:8806: checking whether the gcc linker (/usr/x86_64-pc-cygwin/bin/ld.exe) supports shared libraries
configure:9959: result: yes
configure:9996: checking whether -lc should be explicitly linked in
configure:10004: gcc -c -g -O2  conftest.c >&5
configure:10007: $? = 0
configure:10022: gcc -shared conftest.o  -v -o ./conftest -Wl,--enable-auto-image-base -Xlinker --out-implib -Xlinker conftest 2\>\&1 \| /usr/bin/grep  -lc  \>/dev/null 2\>\&1
configure:10025: $? = 1
configure:10039: result: yes
configure:10199: checking dynamic linker characteristics
configure:10932: result: Win32 ld.exe
configure:11039: checking how to hardcode library paths into programs
configure:11064: result: immediate
configure:11604: checking whether stripping libraries is possible
configure:11609: result: yes
configure:11644: checking if libtool supports shared libraries
configure:11646: result: yes
configure:11649: checking whether to build shared libraries
configure:11670: result: yes
configure:11673: checking whether to build static libraries
configure:11677: result: yes
configure:11763: checking for gcc
configure:11790: result: gcc
configure:12019: checking for C compiler version
configure:12028: gcc --version >&5
gcc (GCC) 6.4.0
Copyright (C) 2017 Free Software Foundation, Inc.
This is free software; see the source for copying conditions.  There is NO
warranty; not even for MERCHANTABILITY or FITNESS FOR A PARTICULAR PURPOSE.

configure:12039: $? = 0
configure:12028: gcc -v >&5
Using built-in specs.
COLLECT_GCC=gcc
COLLECT_LTO_WRAPPER=/usr/lib/gcc/x86_64-pc-cygwin/6.4.0/lto-wrapper.exe
Target: x86_64-pc-cygwin
Configured with: /cygdrive/i/szsz/tmpp/gcc/gcc-6.4.0-1.x86_64/src/gcc-6.4.0/configure --srcdir=/cygdrive/i/szsz/tmpp/gcc/gcc-6.4.0-1.x86_64/src/gcc-6.4.0 --prefix=/usr --exec-prefix=/usr --localstatedir=/var --sysconfdir=/etc --docdir=/usr/share/doc/gcc --htmldir=/usr/share/doc/gcc/html -C --build=x86_64-pc-cygwin --host=x86_64-pc-cygwin --target=x86_64-pc-cygwin --without-libiconv-prefix --without-libintl-prefix --libexecdir=/usr/lib --enable-shared --enable-shared-libgcc --enable-static --enable-version-specific-runtime-libs --enable-bootstrap --enable-__cxa_atexit --with-dwarf2 --with-tune=generic --enable-languages=ada,c,c++,fortran,lto,objc,obj-c++ --enable-graphite --enable-threads=posix --enable-libatomic --enable-libcilkrts --enable-libgomp --enable-libitm --enable-libquadmath --enable-libquadmath-support --enable-libssp --enable-libada --disable-symvers --with-gnu-ld --with-gnu-as --with-cloog-include=/usr/include/cloog-isl --without-libiconv-prefix --without-libintl-prefix --with-system-zlib --enable-linker-build-id --with-default-libstdcxx-abi=gcc4-compatible
Thread model: posix
gcc version 6.4.0 (GCC) 
configure:12039: $? = 0
configure:12028: gcc -V >&5
gcc: error: unrecognized command line option '-V'
gcc: fatal error: no input files
compilation terminated.
configure:12039: $? = 1
configure:12028: gcc -qversion >&5
gcc: error: unrecognized command line option '-qversion'; did you mean '--version'?
gcc: fatal error: no input files
compilation terminated.
configure:12039: $? = 1
configure:12043: checking whether we are using the GNU C compiler
configure:12071: result: yes
configure:12080: checking whether gcc accepts -g
configure:12141: result: yes
configure:12158: checking for gcc option to accept ISO C89
configure:12234: result: none needed
configure:12259: checking whether gcc understands -c and -o together
configure:12296: result: yes
configure:12315: checking dependency style of gcc
configure:12426: result: gcc3
configure:12500: checking for g++
configure:12516: found /usr/bin/g++
configure:12527: result: g++
configure:12554: checking for C++ compiler version
configure:12563: g++ --version >&5
g++ (GCC) 6.4.0
Copyright (C) 2017 Free Software Foundation, Inc.
This is free software; see the source for copying conditions.  There is NO
warranty; not even for MERCHANTABILITY or FITNESS FOR A PARTICULAR PURPOSE.

configure:12574: $? = 0
configure:12563: g++ -v >&5
Using built-in specs.
COLLECT_GCC=g++
COLLECT_LTO_WRAPPER=/usr/lib/gcc/x86_64-pc-cygwin/6.4.0/lto-wrapper.exe
Target: x86_64-pc-cygwin
Configured with: /cygdrive/i/szsz/tmpp/gcc/gcc-6.4.0-1.x86_64/src/gcc-6.4.0/configure --srcdir=/cygdrive/i/szsz/tmpp/gcc/gcc-6.4.0-1.x86_64/src/gcc-6.4.0 --prefix=/usr --exec-prefix=/usr --localstatedir=/var --sysconfdir=/etc --docdir=/usr/share/doc/gcc --htmldir=/usr/share/doc/gcc/html -C --build=x86_64-pc-cygwin --host=x86_64-pc-cygwin --target=x86_64-pc-cygwin --without-libiconv-prefix --without-libintl-prefix --libexecdir=/usr/lib --enable-shared --enable-shared-libgcc --enable-static --enable-version-specific-runtime-libs --enable-bootstrap --enable-__cxa_atexit --with-dwarf2 --with-tune=generic --enable-languages=ada,c,c++,fortran,lto,objc,obj-c++ --enable-graphite --enable-threads=posix --enable-libatomic --enable-libcilkrts --enable-libgomp --enable-libitm --enable-libquadmath --enable-libquadmath-support --enable-libssp --enable-libada --disable-symvers --with-gnu-ld --with-gnu-as --with-cloog-include=/usr/include/cloog-isl --without-libiconv-prefix --without-libintl-prefix --with-system-zlib --enable-linker-build-id --with-default-libstdcxx-abi=gcc4-compatible
Thread model: posix
gcc version 6.4.0 (GCC) 
configure:12574: $? = 0
configure:12563: g++ -V >&5
g++: error: unrecognized command line option '-V'
g++: fatal error: no input files
compilation terminated.
configure:12574: $? = 1
configure:12563: g++ -qversion >&5
g++: error: unrecognized command line option '-qversion'; did you mean '--version'?
g++: fatal error: no input files
compilation terminated.
configure:12574: $? = 1
configure:12578: checking whether we are using the GNU C++ compiler
configure:12597: g++ -c   conftest.cpp >&5
configure:12597: $? = 0
configure:12606: result: yes
configure:12615: checking whether g++ accepts -g
configure:12635: g++ -c -g  conftest.cpp >&5
configure:12635: $? = 0
configure:12676: result: yes
configure:12701: checking dependency style of g++
configure:12812: result: gcc3
configure:12845: checking how to run the C++ preprocessor
configure:12872: g++ -E  conftest.cpp
configure:12872: $? = 0
configure:12886: g++ -E  conftest.cpp
conftest.cpp:29:28: fatal error: ac_nonexistent.h: No such file or directory
 #include <ac_nonexistent.h>
                            ^
compilation terminated.
configure:12886: $? = 1
configure: failed program was:
| /* confdefs.h */
| #define PACKAGE_NAME "libconfig"
| #define PACKAGE_TARNAME "libconfig"
| #define PACKAGE_VERSION "1.4.10"
| #define PACKAGE_STRING "libconfig 1.4.10"
| #define PACKAGE_BUGREPORT "hyperrealm@gmail.com"
| #define PACKAGE_URL "http://www.hyperrealm.com/main.php?s=libconfig"
| #define PACKAGE "libconfig"
| #define VERSION "1.4.10"
| #define TARGET "x86_64-unknown-cygwin"
| #define STDC_HEADERS 1
| #define HAVE_SYS_TYPES_H 1
| #define HAVE_SYS_STAT_H 1
| #define HAVE_STDLIB_H 1
| #define HAVE_STRING_H 1
| #define HAVE_MEMORY_H 1
| #define HAVE_STRINGS_H 1
| #define HAVE_INTTYPES_H 1
| #define HAVE_STDINT_H 1
| #define HAVE_UNISTD_H 1
| #define __EXTENSIONS__ 1
| #define _ALL_SOURCE 1
| #define _GNU_SOURCE 1
| #define _POSIX_PTHREAD_SEMANTICS 1
| #define _TANDEM_SOURCE 1
| #define HAVE_DLFCN_H 1
| #define LT_OBJDIR ".libs/"
| /* end confdefs.h.  */
| #include <ac_nonexistent.h>
configure:12911: result: g++ -E
configure:12931: g++ -E  conftest.cpp
configure:12931: $? = 0
configure:12945: g++ -E  conftest.cpp
conftest.cpp:29:28: fatal error: ac_nonexistent.h: No such file or directory
 #include <ac_nonexistent.h>
                            ^
compilation terminated.
configure:12945: $? = 1
configure: failed program was:
| /* confdefs.h */
| #define PACKAGE_NAME "libconfig"
| #define PACKAGE_TARNAME "libconfig"
| #define PACKAGE_VERSION "1.4.10"
| #define PACKAGE_STRING "libconfig 1.4.10"
| #define PACKAGE_BUGREPORT "hyperrealm@gmail.com"
| #define PACKAGE_URL "http://www.hyperrealm.com/main.php?s=libconfig"
| #define PACKAGE "libconfig"
| #define VERSION "1.4.10"
| #define TARGET "x86_64-unknown-cygwin"
| #define STDC_HEADERS 1
| #define HAVE_SYS_TYPES_H 1
| #define HAVE_SYS_STAT_H 1
| #define HAVE_STDLIB_H 1
| #define HAVE_STRING_H 1
| #define HAVE_MEMORY_H 1
| #define HAVE_STRINGS_H 1
| #define HAVE_INTTYPES_H 1
| #define HAVE_STDINT_H 1
| #define HAVE_UNISTD_H 1
| #define __EXTENSIONS__ 1
| #define _ALL_SOURCE 1
| #define _GNU_SOURCE 1
| #define _POSIX_PTHREAD_SEMANTICS 1
| #define _TANDEM_SOURCE 1
| #define HAVE_DLFCN_H 1
| #define LT_OBJDIR ".libs/"
| /* end confdefs.h.  */
| #include <ac_nonexistent.h>
configure:13114: checking for ld used by g++
configure:13181: result: /usr/x86_64-pc-cygwin/bin/ld.exe
configure:13188: checking if the linker (/usr/x86_64-pc-cygwin/bin/ld.exe) is GNU ld
configure:13203: result: yes
configure:13258: checking whether the g++ linker (/usr/x86_64-pc-cygwin/bin/ld.exe) supports shared libraries
configure:14263: result: yes
configure:14299: g++ -c -g -O2  conftest.cpp >&5
configure:14302: $? = 0
configure:14822: checking for g++ option to produce PIC
configure:14829: result: -DDLL_EXPORT -DPIC
configure:14837: checking if g++ PIC flag -DDLL_EXPORT -DPIC works
configure:14855: g++ -c -g -O2  -DDLL_EXPORT -DPIC -DPIC conftest.cpp >&5
configure:14859: $? = 0
configure:14872: result: yes
configure:14895: checking if g++ static flag -static works
configure:14923: result: yes
configure:14935: checking if g++ supports -c -o file.o
configure:14956: g++ -c -g -O2  -o out/conftest2.o conftest.cpp >&5
configure:14960: $? = 0
configure:14982: result: yes
configure:14987: checking if g++ supports -c -o file.o
configure:15034: result: yes
configure:15064: checking whether the g++ linker (/usr/x86_64-pc-cygwin/bin/ld.exe) supports shared libraries
configure:15100: result: yes
configure:15241: checking dynamic linker characteristics
configure:15908: result: Win32 ld.exe
configure:15961: checking how to hardcode library paths into programs
configure:15986: result: immediate
configure:16073: checking for as
configure:16089: found /usr/bin/as
configure:16100: result: as
configure:16165: checking for dlltool
configure:16192: result: dlltool
configure:16257: checking for objdump
configure:16284: result: objdump
configure:16329: checking for flex
configure:16359: result: no
configure:16329: checking for lex
configure:16359: result: no
configure:16501: checking for bison
configure:16531: result: no
configure:16501: checking for byacc
configure:16531: result: no
configure:16550: checking for compiler switch to enable full C/C++ warnings
configure:16568: result: -Wall -Wshadow -Wextra -Wdeclaration-after-statement -Wno-unused-parameter, -Wall -Wshadow -Wextra -Wno-unused-parameter
configure:16576: checking for ANSI C header files
configure:16680: result: yes
configure:16691: checking for unistd.h
configure:16691: result: yes
configure:16691: checking for stdint.h
configure:16691: result: yes
configure:16691: checking xlocale.h usability
configure:16691: gcc -c -g -O2 -Wall -Wshadow -Wextra -Wdeclaration-after-statement -Wno-unused-parameter  conftest.c >&5
configure:16691: $? = 0
configure:16691: result: yes
configure:16691: checking xlocale.h presence
configure:16691: gcc -E  conftest.c
configure:16691: $? = 0
configure:16691: result: yes
configure:16691: checking for xlocale.h
configure:16691: result: yes
configure:16702: checking for an ANSI C-conforming const
configure:16768: gcc -c -g -O2 -Wall -Wshadow -Wextra -Wdeclaration-after-statement -Wno-unused-parameter  conftest.c >&5
configure:16768: $? = 0
configure:16775: result: yes
configure:16788: checking for newlocale
configure:16788: gcc -o conftest.exe -g -O2 -Wall -Wshadow -Wextra -Wdeclaration-after-statement -Wno-unused-parameter   conftest.c  >&5
configure:16788: $? = 0
configure:16788: result: yes
configure:16788: checking for uselocale
configure:16788: gcc -o conftest.exe -g -O2 -Wall -Wshadow -Wextra -Wdeclaration-after-statement -Wno-unused-parameter   conftest.c  >&5
configure:16788: $? = 0
configure:16788: result: yes
configure:16788: checking for freelocale
configure:16788: gcc -o conftest.exe -g -O2 -Wall -Wshadow -Wextra -Wdeclaration-after-statement -Wno-unused-parameter   conftest.c  >&5
configure:16788: $? = 0
configure:16788: result: yes
configure:16969: checking that generated files are newer than configure
configure:16975: result: done
configure:17018: creating ./config.status

## ---------------------- ##
## Running config.status. ##
## ---------------------- ##

This file was extended by libconfig config.status 1.4.10, which was
generated by GNU Autoconf 2.69.  Invocation command line was

  CONFIG_FILES    = 
  CONFIG_HEADERS  = 
  CONFIG_LINKS    = 
  CONFIG_COMMANDS = 
  $ ./config.status 

on DESKTOP-2ENF6S4

config.status:1203: creating Makefile
config.status:1203: creating lib/Makefile
config.status:1203: creating lib/libconfig.pc
config.status:1203: creating lib/libconfig++.pc
config.status:1203: creating doc/Makefile
config.status:1203: creating examples/Makefile
config.status:1203: creating examples/c/Makefile
config.status:1203: creating examples/c++/Makefile
config.status:1203: creating tinytest/Makefile
config.status:1203: creating tests/Makefile
config.status:1203: creating libconfig.spec
config.status:1203: creating ac_config.h
config.status:1432: executing depfiles commands
config.status:1432: executing libtool commands

## ---------------- ##
## Cache variables. ##
## ---------------- ##

ac_cv_build=x86_64-unknown-cygwin
ac_cv_c_compiler_gnu=yes
ac_cv_c_const=yes
ac_cv_cxx_compiler_gnu=yes
ac_cv_env_CCC_set=
ac_cv_env_CCC_value=
ac_cv_env_CC_set=
ac_cv_env_CC_value=
ac_cv_env_CFLAGS_set=
ac_cv_env_CFLAGS_value=
ac_cv_env_CPPFLAGS_set=
ac_cv_env_CPPFLAGS_value=
ac_cv_env_CPP_set=
ac_cv_env_CPP_value=
ac_cv_env_CXXCPP_set=
ac_cv_env_CXXCPP_value=
ac_cv_env_CXXFLAGS_set=
ac_cv_env_CXXFLAGS_value=
ac_cv_env_CXX_set=
ac_cv_env_CXX_value=
ac_cv_env_LDFLAGS_set=
ac_cv_env_LDFLAGS_value=
ac_cv_env_LIBS_set=
ac_cv_env_LIBS_value=
ac_cv_env_YACC_set=
ac_cv_env_YACC_value=
ac_cv_env_YFLAGS_set=
ac_cv_env_YFLAGS_value=
ac_cv_env_build_alias_set=
ac_cv_env_build_alias_value=
ac_cv_env_host_alias_set=
ac_cv_env_host_alias_value=
ac_cv_env_target_alias_set=
ac_cv_env_target_alias_value=
ac_cv_exeext=.exe
ac_cv_func_freelocale=yes
ac_cv_func_newlocale=yes
ac_cv_func_uselocale=yes
ac_cv_header_dlfcn_h=yes
ac_cv_header_inttypes_h=yes
ac_cv_header_memory_h=yes
ac_cv_header_minix_config_h=no
ac_cv_header_stdc=yes
ac_cv_header_stdint_h=yes
ac_cv_header_stdlib_h=yes
ac_cv_header_string_h=yes
ac_cv_header_strings_h=yes
ac_cv_header_sys_stat_h=yes
ac_cv_header_sys_types_h=yes
ac_cv_header_unistd_h=yes
ac_cv_header_xlocale_h=yes
ac_cv_host=x86_64-unknown-cygwin
ac_cv_objext=o
ac_cv_path_EGREP='/usr/bin/grep -E'
ac_cv_path_FGREP='/usr/bin/grep -F'
ac_cv_path_GREP=/usr/bin/grep
ac_cv_path_SED=/usr/bin/sed
ac_cv_path_install='/usr/bin/install -c'
ac_cv_path_mkdir=/usr/bin/mkdir
ac_cv_prog_AWK=gawk
ac_cv_prog_CPP='gcc -E'
ac_cv_prog_CXXCPP='g++ -E'
ac_cv_prog_ac_ct_AR=ar
ac_cv_prog_ac_ct_AS=as
ac_cv_prog_ac_ct_CC=gcc
ac_cv_prog_ac_ct_CXX=g++
ac_cv_prog_ac_ct_DLLTOOL=dlltool
ac_cv_prog_ac_ct_OBJDUMP=objdump
ac_cv_prog_ac_ct_RANLIB=ranlib
ac_cv_prog_ac_ct_STRIP=strip
ac_cv_prog_cc_c89=
ac_cv_prog_cc_g=yes
ac_cv_prog_cxx_g=yes
ac_cv_prog_make_make_set=yes
ac_cv_safe_to_define___extensions__=yes
ac_cv_target=x86_64-unknown-cygwin
am_cv_CC_dependencies_compiler_type=gcc3
am_cv_CXX_dependencies_compiler_type=gcc3
am_cv_make_support_nested_variables=yes
am_cv_prog_cc_c_o=yes
lt_cv_ar_at_file=@
lt_cv_archive_cmds_need_lc=yes
lt_cv_deplibs_check_method='file_magic ^x86 archive import|^x86 DLL'
lt_cv_file_magic_cmd=func_win32_libid
lt_cv_file_magic_test_file=
lt_cv_ld_reload_flag=-r
lt_cv_nm_interface='BSD nm'
lt_cv_objdir=.libs
lt_cv_path_LD=/usr/x86_64-pc-cygwin/bin/ld.exe
lt_cv_path_LDCXX=/usr/x86_64-pc-cygwin/bin/ld.exe
lt_cv_path_NM='/usr/bin/nm -B'
lt_cv_path_mainfest_tool=no
lt_cv_prog_compiler_c_o=yes
lt_cv_prog_compiler_c_o_CXX=yes
lt_cv_prog_compiler_pic='-DDLL_EXPORT -DPIC'
lt_cv_prog_compiler_pic_CXX='-DDLL_EXPORT -DPIC'
lt_cv_prog_compiler_pic_works=yes
lt_cv_prog_compiler_pic_works_CXX=yes
lt_cv_prog_compiler_rtti_exceptions=no
lt_cv_prog_compiler_static_works=yes
lt_cv_prog_compiler_static_works_CXX=yes
lt_cv_prog_gnu_ld=yes
lt_cv_prog_gnu_ldcxx=yes
lt_cv_sharedlib_from_linklib_cmd=func_cygming_dll_for_implib
lt_cv_sys_global_symbol_pipe='sed -n -e '\''s/^.*[	 ]\([ABCDGIRSTW][ABCDGIRSTW]*\)[	 ][	 ]*\([_A-Za-z][_A-Za-z0-9]*\)$/\1 \2 \2/p'\'' | sed '\''/ __gnu_lto/d'\'''
lt_cv_sys_global_symbol_to_c_name_address='sed -n -e '\''s/^: \([^ ]*\)[ ]*$/  {\"\1\", (void *) 0},/p'\'' -e '\''s/^[ABCDGIRSTW]* \([^ ]*\) \([^ ]*\)$/  {"\2", (void *) \&\2},/p'\'''
lt_cv_sys_global_symbol_to_c_name_address_lib_prefix='sed -n -e '\''s/^: \([^ ]*\)[ ]*$/  {\"\1\", (void *) 0},/p'\'' -e '\''s/^[ABCDGIRSTW]* \([^ ]*\) \(lib[^ ]*\)$/  {"\2", (void *) \&\2},/p'\'' -e '\''s/^[ABCDGIRSTW]* \([^ ]*\) \([^ ]*\)$/  {"lib\2", (void *) \&\2},/p'\'''
lt_cv_sys_global_symbol_to_cdecl='sed -n -e '\''s/^T .* \(.*\)$/extern int \1();/p'\'' -e '\''s/^[ABCDGIRSTW]* .* \(.*\)$/extern char \1;/p'\'''
lt_cv_sys_max_cmd_len=8192
lt_cv_to_host_file_cmd=func_convert_file_noop
lt_cv_to_tool_file_cmd=func_convert_file_noop

## ----------------- ##
## Output variables. ##
## ----------------- ##

ACLOCAL='${SHELL} /cygdrive/e/libs/libconfig-1.4.10/aux-build/missing aclocal-1.14'
AMDEPBACKSLASH='\'
AMDEP_FALSE='#'
AMDEP_TRUE=''
AMTAR='$${TAR-tar}'
AM_BACKSLASH='\'
AM_DEFAULT_V='$(AM_DEFAULT_VERBOSITY)'
AM_DEFAULT_VERBOSITY='1'
AM_V='$(V)'
AR='ar'
AS='as'
AUTOCONF='${SHELL} /cygdrive/e/libs/libconfig-1.4.10/aux-build/missing autoconf'
AUTOHEADER='${SHELL} /cygdrive/e/libs/libconfig-1.4.10/aux-build/missing autoheader'
AUTOMAKE='${SHELL} /cygdrive/e/libs/libconfig-1.4.10/aux-build/missing automake-1.14'
AWK='gawk'
BUILDCXX_FALSE='#'
BUILDCXX_TRUE=''
BUILDEXAMPLES_FALSE='#'
BUILDEXAMPLES_TRUE=''
CC='gcc'
CCDEPMODE='depmode=gcc3'
CFLAGS='-g -O2 -Wall -Wshadow -Wextra -Wdeclaration-after-statement -Wno-unused-parameter'
CPP='gcc -E'
CPPFLAGS=''
CXX='g++'
CXXCPP='g++ -E'
CXXDEPMODE='depmode=gcc3'
CXXFLAGS='-g -O2 -Wall -Wshadow -Wextra -Wno-unused-parameter'
CYGPATH_W='cygpath -w'
DEFS='-DHAVE_CONFIG_H'
DEPDIR='.deps'
DLLTOOL='dlltool'
DSYMUTIL=''
DUMPBIN=''
ECHO_C=''
ECHO_N='-n'
ECHO_T=''
EGREP='/usr/bin/grep -E'
EXEEXT='.exe'
FGREP='/usr/bin/grep -F'
GNU_WIN_FALSE='#'
GNU_WIN_TRUE=''
GREP='/usr/bin/grep'
INSTALL_DATA='${INSTALL} -m 644'
INSTALL_PROGRAM='${INSTALL}'
INSTALL_SCRIPT='${INSTALL}'
INSTALL_STRIP_PROGRAM='$(install_sh) -c -s'
LD='/usr/x86_64-pc-cygwin/bin/ld.exe'
LDFLAGS=''
LEX='${SHELL} /cygdrive/e/libs/libconfig-1.4.10/aux-build/missing flex'
LEXLIB=''
LEX_OUTPUT_ROOT=''
LIBOBJS=''
LIBS=''
LIBTOOL='$(SHELL) $(top_builddir)/libtool'
LIPO=''
LN_S='ln -s'
LTLIBOBJS=''
MAKEINFO='${SHELL} /cygdrive/e/libs/libconfig-1.4.10/aux-build/missing makeinfo'
MANIFEST_TOOL=':'
MKDIR_P='/usr/bin/mkdir -p'
NM='/usr/bin/nm -B'
NMEDIT=''
OBJDUMP='objdump'
OBJEXT='o'
OTOOL64=''
OTOOL=''
PACKAGE='libconfig'
PACKAGE_BUGREPORT='hyperrealm@gmail.com'
PACKAGE_NAME='libconfig'
PACKAGE_STRING='libconfig 1.4.10'
PACKAGE_TARNAME='libconfig'
PACKAGE_URL='http://www.hyperrealm.com/main.php?s=libconfig'
PACKAGE_VERSION='1.4.10'
PATH_SEPARATOR=':'
RANLIB='ranlib'
SED='/usr/bin/sed'
SET_MAKE=''
SHELL='/bin/sh'
STRIP='strip'
VERSION='1.4.10'
YACC='yacc'
YFLAGS=''
ac_ct_AR='ar'
ac_ct_CC='gcc'
ac_ct_CXX='g++'
ac_ct_DUMPBIN=''
am__EXEEXT_FALSE='#'
am__EXEEXT_TRUE=''
am__fastdepCC_FALSE='#'
am__fastdepCC_TRUE=''
am__fastdepCXX_FALSE='#'
am__fastdepCXX_TRUE=''
am__include='include'
am__isrc=''
am__leading_dot='.'
am__nodep='_no'
am__quote=''
am__tar='$${TAR-tar} chof - "$$tardir"'
am__untar='$${TAR-tar} xf -'
bindir='${exec_prefix}/bin'
build='x86_64-unknown-cygwin'
build_alias=''
build_cpu='x86_64'
build_os='cygwin'
build_vendor='unknown'
datadir='${datarootdir}'
datarootdir='${prefix}/share'
docdir='${datarootdir}/doc/${PACKAGE_TARNAME}'
dvidir='${docdir}'
exec_prefix='${prefix}'
host='x86_64-unknown-cygwin'
host_alias=''
host_cpu='x86_64'
host_os='cygwin'
host_vendor='unknown'
htmldir='${docdir}'
includedir='${prefix}/include'
infodir='${datarootdir}/info'
install_sh='${SHELL} /cygdrive/e/libs/libconfig-1.4.10/aux-build/install-sh'
libdir='${exec_prefix}/lib'
libexecdir='${exec_prefix}/libexec'
localedir='${datarootdir}/locale'
localstatedir='${prefix}/var'
mandir='${datarootdir}/man'
mkdir_p='$(MKDIR_P)'
oldincludedir='/usr/include'
pdfdir='${docdir}'
prefix='/usr/local'
program_transform_name='s,x,x,'
psdir='${docdir}'
sbindir='${exec_prefix}/sbin'
sharedstatedir='${prefix}/com'
sysconfdir='${prefix}/etc'
target='x86_64-unknown-cygwin'
target_alias=''
target_cpu='x86_64'
target_os='cygwin'
target_vendor='unknown'

## ----------- ##
## confdefs.h. ##
## ----------- ##

/* confdefs.h */
#define PACKAGE_NAME "libconfig"
#define PACKAGE_TARNAME "libconfig"
#define PACKAGE_VERSION "1.4.10"
#define PACKAGE_STRING "libconfig 1.4.10"
#define PACKAGE_BUGREPORT "hyperrealm@gmail.com"
#define PACKAGE_URL "http://www.hyperrealm.com/main.php?s=libconfig"
#define PACKAGE "libconfig"
#define VERSION "1.4.10"
#define TARGET "x86_64-unknown-cygwin"
#define STDC_HEADERS 1
#define HAVE_SYS_TYPES_H 1
#define HAVE_SYS_STAT_H 1
#define HAVE_STDLIB_H 1
#define HAVE_STRING_H 1
#define HAVE_MEMORY_H 1
#define HAVE_STRINGS_H 1
#define HAVE_INTTYPES_H 1
#define HAVE_STDINT_H 1
#define HAVE_UNISTD_H 1
#define __EXTENSIONS__ 1
#define _ALL_SOURCE 1
#define _GNU_SOURCE 1
#define _POSIX_PTHREAD_SEMANTICS 1
#define _TANDEM_SOURCE 1
#define HAVE_DLFCN_H 1
#define LT_OBJDIR ".libs/"
#define STDC_HEADERS 1
#define HAVE_UNISTD_H 1
#define HAVE_STDINT_H 1
#define HAVE_XLOCALE_H 1
#define HAVE_NEWLOCALE 1
#define HAVE_USELOCALE 1
#define HAVE_FREELOCALE 1

configure: exit 0
